[0605/111732.529:ERROR:gpu_init.cc(426)] Passthrough is not supported, GL is disabled
[0605/124329.865:WARNING:angle_platform_impl.cc(48)] HLSLCompiler.cpp:257 (compileToBinary): 
C:\fakepath(102,1-6): warning X4000: use of potentially uninitialized variable (dyn_index_vec4_float4)

[0605/124329.901:WARNING:angle_platform_impl.cc(48)] HLSLCompiler.cpp:257 (compileToBinary): 
C:\fakepath(125,1): warning X4000: use of potentially uninitialized variable (f_mainImage)

[0605/124329.961:WARNING:angle_platform_impl.cc(48)] HLSLCompiler.cpp:257 (compileToBinary): 
C:\fakepath(135,1): warning X4000: use of potentially uninitialized variable (f_i)
C:\fakepath(137,1): warning X4000: use of potentially uninitialized variable (f_i)
C:\fakepath(173,1): warning X4000: use of potentially uninitialized variable (f_u)

[0605/124331.671:WARNING:angle_platform_impl.cc(48)] HLSLCompiler.cpp:257 (compileToBinary): 
C:\fakepath(102,1-6): warning X4000: use of potentially uninitialized variable (dyn_index_vec4_float4)

[0605/124331.708:WARNING:angle_platform_impl.cc(48)] HLSLCompiler.cpp:257 (compileToBinary): 
C:\fakepath(125,1): warning X4000: use of potentially uninitialized variable (f_mainImage)

[0605/124331.759:WARNING:angle_platform_impl.cc(48)] HLSLCompiler.cpp:257 (compileToBinary): 
C:\fakepath(135,1): warning X4000: use of potentially uninitialized variable (f_i)
C:\fakepath(137,1): warning X4000: use of potentially uninitialized variable (f_i)
C:\fakepath(173,1): warning X4000: use of potentially uninitialized variable (f_u)

[0605/124332.081:WARNING:angle_platform_impl.cc(48)] HLSLCompiler.cpp:257 (compileToBinary): 
C:\fakepath(165,1): warning X4000: use of potentially uninitialized variable (f_renderMipMapLevel)

[0605/124332.201:WARNING:angle_platform_impl.cc(48)] HLSLCompiler.cpp:257 (compileToBinary): 
C:\fakepath(381,10-38): warning X4008: floating point division by zero
C:\fakepath(381,10-38): warning X4008: floating point division by zero

[0605/124332.424:WARNING:angle_platform_impl.cc(48)] HLSLCompiler.cpp:257 (compileToBinary): 
C:\fakepath(102,1-6): warning X4000: use of potentially uninitialized variable (dyn_index_vec4_float4)

[0605/124332.468:WARNING:angle_platform_impl.cc(48)] HLSLCompiler.cpp:257 (compileToBinary): 
C:\fakepath(165,1): warning X4000: use of potentially uninitialized variable (f_renderMipMapLevel)

[0605/124332.469:WARNING:angle_platform_impl.cc(48)] HLSLCompiler.cpp:257 (compileToBinary): 
C:\fakepath(165,1): warning X4000: use of potentially uninitialized variable (f_renderMipMapLevel)

[0605/124332.487:WARNING:angle_platform_impl.cc(48)] HLSLCompiler.cpp:257 (compileToBinary): 
C:\fakepath(125,1): warning X4000: use of potentially uninitialized variable (f_mainImage)

[0605/124332.520:WARNING:angle_platform_impl.cc(48)] HLSLCompiler.cpp:257 (compileToBinary): 
C:\fakepath(135,1): warning X4000: use of potentially uninitialized variable (f_i)
C:\fakepath(137,1): warning X4000: use of potentially uninitialized variable (f_i)
C:\fakepath(173,1): warning X4000: use of potentially uninitialized variable (f_u)

[0605/124332.777:WARNING:angle_platform_impl.cc(48)] HLSLCompiler.cpp:257 (compileToBinary): 
C:\fakepath(165,1): warning X4000: use of potentially uninitialized variable (f_renderMipMapLevel)

[0605/124332.878:WARNING:angle_platform_impl.cc(48)] HLSLCompiler.cpp:257 (compileToBinary): 
C:\fakepath(381,10-38): warning X4008: floating point division by zero
C:\fakepath(381,10-38): warning X4008: floating point division by zero

[0605/124332.986:ERROR:gl_utils.cc(314)] [.WebGL-000001F4DAF62800] GL_INVALID_OPERATION: Two textures of different types use the same sampler location.
[0605/124333.000:ERROR:gl_utils.cc(314)] [.WebGL-000001F4DAF62800] GL_INVALID_OPERATION: Two textures of different types use the same sampler location.
[0605/124333.065:WARNING:angle_platform_impl.cc(48)] HLSLCompiler.cpp:257 (compileToBinary): 
C:\fakepath(165,1): warning X4000: use of potentially uninitialized variable (f_renderMipMapLevel)

[0605/124333.065:WARNING:angle_platform_impl.cc(48)] HLSLCompiler.cpp:257 (compileToBinary): 
C:\fakepath(165,1): warning X4000: use of potentially uninitialized variable (f_renderMipMapLevel)

